<?xml version="1.0" encoding="UTF-8"?>
<!-- Generated by org.testng.reporters.JUnitReportReporter -->
<testsuite hostname="ellitedeskVboxwin64" failures="0" tests="1" name="firstclass" time="0.030" errors="0" timestamp="2022-06-24T17:57:38 IST" skipped="0">
  <testcase classname="firstclass" name="getScreenshots" time="0.030"/>
  <system-out/>
</testsuite> <!-- firstclass -->
