<?xml version="1.0" encoding="UTF-8"?>
<!-- Generated by org.testng.reporters.JUnitReportReporter -->
<testsuite skipped="0" hostname="MihirHP" name="firstclass" tests="1" failures="0" timestamp="29 Jun 2022 10:57:19 GMT" time="5.033" errors="0">
  <testcase name="getScreenshots" time="5.033" classname="firstclass"/>
</testsuite> <!-- firstclass -->
